<?xml version="1.0" encoding="UTF-8"?>
<!-- Generated by org.testng.reporters.JUnitReportReporter -->
<testsuite skipped="0" hostname="YLC5FWZXDLDTZPK" name="FireflyAutomation.com.Practice10nTestNG" tests="1" failures="0" timestamp="24 六月 2019 09:10:16 GMT" time="0.011" errors="0">
  <testcase name="test" time="0.011" classname="FireflyAutomation.com.Practice10nTestNG"/>
</testsuite> <!-- FireflyAutomation.com.Practice10nTestNG -->
